<?xml version="1.0" encoding="UTF-8"?>
<!-- Generated by org.testng.reporters.JUnitReportReporter -->
<testsuite skipped="0" hostname="LH7U05CG7291TD0" name="com.testCases.TC_AdminPageTest_003" tests="1" failures="0" timestamp="15 May 2019 03:49:26 GMT" time="15.451" errors="0">
  <testcase name="loginTest" time="15.451" classname="com.testCases.TC_AdminPageTest_003"/>
</testsuite> <!-- com.testCases.TC_AdminPageTest_003 -->
