<?xml version="1.0" encoding="UTF-8"?>
<!-- Generated by org.testng.reporters.JUnitReportReporter -->
<testsuite skipped="0" hostname="LH7U05CG7291TD0" name="com.testCases.TC_LoginTest_001" tests="1" failures="0" timestamp="14 May 2019 13:29:50 GMT" time="2.094" errors="0">
  <testcase name="loginTest" time="2.094" classname="com.testCases.TC_LoginTest_001"/>
</testsuite> <!-- com.testCases.TC_LoginTest_001 -->
