<?xml version="1.0" encoding="UTF-8"?>
<!-- Generated by org.testng.reporters.JUnitReportReporter -->
<testsuite skipped="0" hostname="LH7U05CG7291TD0" name="com.testCases.TC_AssignLeave_004" tests="1" failures="0" timestamp="19 May 2019 16:34:04 GMT" time="15.824" errors="0">
  <testcase name="loginTest" time="15.824" classname="com.testCases.TC_AssignLeave_004"/>
</testsuite> <!-- com.testCases.TC_AssignLeave_004 -->
